Archivo: c2.gram
05/12/2022 08:22:01 p. m.
Gramatica ST
: ST
cplusplus ST

 FinProduccion
Programa ST
-> Produce
Librerias ST
Variables ST
Main ST

 FinProduccion
Main ST
-> Produce
TipoDato ST
main ST
( ST
) ST
BloqueInstrucciones ST

 FinProduccion
Librerias ST
-> Produce
# ST
include ST
< ST
Identificador ST
. ST
h ST
> ST

 FinProduccion
Variables ST
-> Produce
\( PDer
Identificador ST
\) PIzq

 FinProduccion
Printf ST
-> Produce
printf ST
( ST
\( PDer
Cadena ST
\) PIzq
) ST

 FinProduccion
Scanf ST
-> Produce
scanf ST
( ST
\( PDer
Cadena ST
\) PIzq
) ST

 FinProduccion
BloqueInstrucciones ST
-> Produce
{ ST
ListaInstrucciones ST
} ST

 FinProduccion
ListaInstrucciones ST
-> Produce
Instruccion ST
\( PDer
; ST
ListaInstrucciones ST
\) PIzq

 FinProduccion
Instruccion ST
-> Produce
Printf ST
( ST
Scanf ST
) ST
